Using pre-set license
Built from '2021.3/staging' branch; Version is '2021.3.2f1 (d6360bedb9a0) revision 14038539'; Using compiler version '192829333'; Build Type 'Release'
OS: 'Windows 10  (10.0.19045) 64bit Professional' Language: 'ru' Physical Memory: 6091 MB
BatchMode: 1, IsHumanControllingUs: 0, StartBugReporterOnCrash: 0, Is64bit: 1, IsPro: 1

COMMAND LINE ARGUMENTS:
C:\Program Files\Unity\Hub\Editor\2021.3.2f1\Editor\Unity.exe
-adb2
-batchMode
-noUpm
-name
AssetImportWorker0
-projectPath
C:/Users/homni/test_xlab
-logFile
Logs/AssetImportWorker0.log
-srvPort
49358
Successfully changed project path to: C:/Users/homni/test_xlab
C:/Users/homni/test_xlab
[UnityMemory] Configuration Parameters - Can be set up in boot.config
    "memorysetup-bucket-allocator-granularity=16"
    "memorysetup-bucket-allocator-bucket-count=8"
    "memorysetup-bucket-allocator-block-size=33554432"
    "memorysetup-bucket-allocator-block-count=8"
    "memorysetup-main-allocator-block-size=16777216"
    "memorysetup-thread-allocator-block-size=16777216"
    "memorysetup-gfx-main-allocator-block-size=16777216"
    "memorysetup-gfx-thread-allocator-block-size=16777216"
    "memorysetup-cache-allocator-block-size=4194304"
    "memorysetup-typetree-allocator-block-size=2097152"
    "memorysetup-profiler-bucket-allocator-granularity=16"
    "memorysetup-profiler-bucket-allocator-bucket-count=8"
    "memorysetup-profiler-bucket-allocator-block-size=33554432"
    "memorysetup-profiler-bucket-allocator-block-count=8"
    "memorysetup-profiler-allocator-block-size=16777216"
    "memorysetup-profiler-editor-allocator-block-size=1048576"
    "memorysetup-temp-allocator-size-main=16777216"
    "memorysetup-job-temp-allocator-block-size=2097152"
    "memorysetup-job-temp-allocator-block-size-background=1048576"
    "memorysetup-job-temp-allocator-reduction-small-platforms=262144"
    "memorysetup-temp-allocator-size-background-worker=32768"
    "memorysetup-temp-allocator-size-job-worker=262144"
    "memorysetup-temp-allocator-size-preload-manager=33554432"
    "memorysetup-temp-allocator-size-nav-mesh-worker=65536"
    "memorysetup-temp-allocator-size-audio-worker=65536"
    "memorysetup-temp-allocator-size-cloud-worker=32768"
    "memorysetup-temp-allocator-size-gi-baking-worker=262144"
    "memorysetup-temp-allocator-size-gfx=262144"
Refreshing native plugins compatible for Editor in 35.81 ms, found 0 plugins.
Preloading 0 native plugins for Editor in 0.00 ms.
Initialize engine version: 2021.3.2f1 (d6360bedb9a0)
[Subsystems] Discovering subsystems at path C:/Program Files/Unity/Hub/Editor/2021.3.2f1/Editor/Data/Resources/UnitySubsystems
[Subsystems] Discovering subsystems at path C:/Users/homni/test_xlab/Assets
GfxDevice: creating device client; threaded=0; jobified=0
Direct3D:
    Version:  Direct3D 11.0 [level 11.1]
    Renderer: AMD Radeon(TM) Vega 8 Graphics (ID=0x15d8)
    Vendor:   ATI
    VRAM:     3045 MB
    Driver:   31.0.14057.5006
Initialize mono
Mono path[0] = 'C:/Program Files/Unity/Hub/Editor/2021.3.2f1/Editor/Data/Managed'
Mono path[1] = 'C:/Program Files/Unity/Hub/Editor/2021.3.2f1/Editor/Data/MonoBleedingEdge/lib/mono/unityjit-win32'
Mono config path = 'C:/Program Files/Unity/Hub/Editor/2021.3.2f1/Editor/Data/MonoBleedingEdge/etc'
Using monoOptions --debugger-agent=transport=dt_socket,embedding=1,server=y,suspend=n,address=127.0.0.1:56496
Begin MonoManager ReloadAssembly
Registering precompiled unity dll's ...
Register platform support module: C:/Program Files/Unity/Hub/Editor/2021.3.2f1/Editor/Data/PlaybackEngines/WindowsStandaloneSupport/UnityEditor.WindowsStandalone.Extensions.dll
Registered in 0.014408 seconds.
Native extension for WindowsStandalone target not found
Refreshing native plugins compatible for Editor in 36.64 ms, found 0 plugins.
Preloading 0 native plugins for Editor in 0.00 ms.
Mono: successfully reloaded assembly
- Completed reload, in  1.305 seconds
Domain Reload Profiling:
	ReloadAssembly (1307ms)
		BeginReloadAssembly (230ms)
			ExecutionOrderSort (0ms)
			DisableScriptedObjects (0ms)
			BackupInstance (0ms)
			ReleaseScriptingObjects (0ms)
			CreateAndSetChildDomain (3ms)
		EndReloadAssembly (867ms)
			LoadAssemblies (218ms)
			RebuildTransferFunctionScriptingTraits (0ms)
			SetupTypeCache (167ms)
			ReleaseScriptCaches (0ms)
			RebuildScriptCaches (46ms)
			SetupLoadedEditorAssemblies (567ms)
				LogAssemblyErrors (0ms)
				InitializePlatformSupportModulesInManaged (16ms)
				SetLoadedEditorAssemblies (0ms)
				RefreshPlugins (37ms)
				BeforeProcessingInitializeOnLoad (2ms)
				ProcessInitializeOnLoadAttributes (348ms)
				ProcessInitializeOnLoadMethodAttributes (163ms)
				AfterProcessingInitializeOnLoad (0ms)
				EditorAssembliesLoaded (0ms)
			ExecutionOrderSort2 (0ms)
			AwakeInstancesAfterBackupRestoration (0ms)
Platform modules already initialized, skipping
Registering precompiled user dll's ...
Registered in 0.001208 seconds.
Begin MonoManager ReloadAssembly
Native extension for WindowsStandalone target not found
Refreshing native plugins compatible for Editor in 1.13 ms, found 0 plugins.
Preloading 0 native plugins for Editor in 0.00 ms.
Mono: successfully reloaded assembly
- Completed reload, in  2.187 seconds
Domain Reload Profiling:
	ReloadAssembly (2190ms)
		BeginReloadAssembly (344ms)
			ExecutionOrderSort (0ms)
			DisableScriptedObjects (21ms)
			BackupInstance (0ms)
			ReleaseScriptingObjects (0ms)
			CreateAndSetChildDomain (55ms)
		EndReloadAssembly (1531ms)
			LoadAssemblies (220ms)
			RebuildTransferFunctionScriptingTraits (0ms)
			SetupTypeCache (587ms)
			ReleaseScriptCaches (1ms)
			RebuildScriptCaches (102ms)
			SetupLoadedEditorAssemblies (536ms)
				LogAssemblyErrors (0ms)
				InitializePlatformSupportModulesInManaged (17ms)
				SetLoadedEditorAssemblies (1ms)
				RefreshPlugins (1ms)
				BeforeProcessingInitializeOnLoad (137ms)
				ProcessInitializeOnLoadAttributes (301ms)
				ProcessInitializeOnLoadMethodAttributes (57ms)
				AfterProcessingInitializeOnLoad (21ms)
				EditorAssembliesLoaded (0ms)
			ExecutionOrderSort2 (0ms)
			AwakeInstancesAfterBackupRestoration (15ms)
Platform modules already initialized, skipping
========================================================================
Worker process is ready to serve import requests
Launched and connected shader compiler UnityShaderCompiler.exe after 0.14 seconds
Refreshing native plugins compatible for Editor in 2.04 ms, found 0 plugins.
Preloading 0 native plugins for Editor in 0.00 ms.
Unloading 1041 Unused Serialized files (Serialized files now loaded: 0)
Unloading 9 unused Assets / (56.8 KB). Loaded Objects now: 1516.
Memory consumption went from 55.2 MB to 55.2 MB.
Total: 8.073700 ms (FindLiveObjects: 0.487400 ms CreateObjectMapping: 0.207100 ms MarkObjects: 7.035300 ms  DeleteObjects: 0.337800 ms)

AssetImportParameters requested are different than current active one (requested -> active):
  custom:video-decoder-ogg-theora: a1e56fd34408186e4bbccfd4996cb3dc -> 
  custom:container-muxer-webm: aa71ff27fc2769a1b78a27578f13a17b -> 
  custom:container-demuxer-webm: 4f35f7cbe854078d1ac9338744f61a02 -> 
  custom:video-encoder-webm-vp8: eb34c28f22e8b96e1ab97ce403110664 -> 
  custom:audio-encoder-webm-vorbis: bf7c407c2cedff20999df2af8eb42d56 -> 
  custom:framework-win-MediaFoundation: 216162199b28c13a410421893ffa2e32 -> 
  custom:container-demuxer-ogg: 62fdf1f143b41e24485cea50d1cbac27 -> 
  custom:video-decoder-webm-vp8: 9c59270c3fd7afecdb556c50c9e8de78 -> 
  custom:audio-decoder-ogg-vorbis: bf7c407c2cedff20999df2af8eb42d56 -> 
========================================================================
Received Import Request.
  Time since last request: 699456.484142 seconds.
  path: Assets/Scenes/Test_1.unity
  artifactKey: Guid(44fa1c2e31cad4d48a739d0683487294) Importer(815301076,1909f56bfc062723c751e8b465ee728b)
Start importing Assets/Scenes/Test_1.unity using Guid(44fa1c2e31cad4d48a739d0683487294) Importer(815301076,1909f56bfc062723c751e8b465ee728b)  -> (artifact id: 'e18f8d22031f45fc1b95e163a9317c18') in 0.040157 seconds 
========================================================================
Received Import Request.
  Time since last request: 24.409910 seconds.
  path: Assets/Kevin Iglesias/Villager Animations/Prefabs/Human Villager/VillagerBerryGatherer.prefab
  artifactKey: Guid(05d0ea177d971fd49bbad0bdf292aca8) Importer(815301076,1909f56bfc062723c751e8b465ee728b)
Start importing Assets/Kevin Iglesias/Villager Animations/Prefabs/Human Villager/VillagerBerryGatherer.prefab using Guid(05d0ea177d971fd49bbad0bdf292aca8) Importer(815301076,1909f56bfc062723c751e8b465ee728b)  -> (artifact id: '5285fa62659e095086e5e106016b8b69') in 0.517992 seconds 
========================================================================
Received Import Request.
  Time since last request: 0.000051 seconds.
  path: Assets/Kevin Iglesias/Villager Animations/Prefabs/Human Villager/VillagerMiner.prefab
  artifactKey: Guid(210ea86c955a5db419b0ad0a777d2bbe) Importer(815301076,1909f56bfc062723c751e8b465ee728b)
Start importing Assets/Kevin Iglesias/Villager Animations/Prefabs/Human Villager/VillagerMiner.prefab using Guid(210ea86c955a5db419b0ad0a777d2bbe) Importer(815301076,1909f56bfc062723c751e8b465ee728b)  -> (artifact id: '4f5545fadb2db3ff96fb4b893f531b5a') in 0.063782 seconds 
========================================================================
Received Import Request.
  Time since last request: 0.000054 seconds.
  path: Assets/Kevin Iglesias/Villager Animations/Prefabs/Human Villager/VillagerHuman.prefab
  artifactKey: Guid(555aa49bf42b4234ca87d96f604338bd) Importer(815301076,1909f56bfc062723c751e8b465ee728b)
Start importing Assets/Kevin Iglesias/Villager Animations/Prefabs/Human Villager/VillagerHuman.prefab using Guid(555aa49bf42b4234ca87d96f604338bd) Importer(815301076,1909f56bfc062723c751e8b465ee728b)  -> (artifact id: '479d7fccc3112cf4d50c2fa29f616547') in 0.040815 seconds 
========================================================================
Received Import Request.
  Time since last request: 364.529055 seconds.
  path: Assets/AlignedGames/Polygonal Foliage Asset Package/Art/Materials/atlass_1_1.mat
  artifactKey: Guid(85e89f3b829c70a4a85a798f89bd18ed) Importer(815301076,1909f56bfc062723c751e8b465ee728b)
Start importing Assets/AlignedGames/Polygonal Foliage Asset Package/Art/Materials/atlass_1_1.mat using Guid(85e89f3b829c70a4a85a798f89bd18ed) Importer(815301076,1909f56bfc062723c751e8b465ee728b)  -> (artifact id: '5b831918a26672a03fdf7f7c7d9cfb9e') in 0.380380 seconds 
========================================================================
Received Import Request.
  Time since last request: 0.000052 seconds.
  path: Assets/AlignedGames/Polygonal Foliage Asset Package/Art/Models/Rocks/Rock18/rock_18.fbx
  artifactKey: Guid(385e49cd155c8d947ae5eaec63d7f50d) Importer(815301076,1909f56bfc062723c751e8b465ee728b)
Start importing Assets/AlignedGames/Polygonal Foliage Asset Package/Art/Models/Rocks/Rock18/rock_18.fbx using Guid(385e49cd155c8d947ae5eaec63d7f50d) Importer(815301076,1909f56bfc062723c751e8b465ee728b)  -> (artifact id: '1b366a2ea458428f4c81a4efcb42845a') in 0.475625 seconds 
========================================================================
Received Import Request.
  Time since last request: 0.000055 seconds.
  path: Assets/Materials/New Material.mat
  artifactKey: Guid(dd6ab47a42262d14d8d6f7bef5481377) Importer(815301076,1909f56bfc062723c751e8b465ee728b)
Start importing Assets/Materials/New Material.mat using Guid(dd6ab47a42262d14d8d6f7bef5481377) Importer(815301076,1909f56bfc062723c751e8b465ee728b)  -> (artifact id: '46718f8cfbaf2099ae98001bf38ac35c') in 0.057277 seconds 
========================================================================
Received Import Request.
  Time since last request: 11.195544 seconds.
  path: Assets/RPGPP_LT/Models/Props/rpgpp_lt_hanger_clothes_01.fbx
  artifactKey: Guid(30c389f0d35cc414d9e841ff82ce1424) Importer(815301076,1909f56bfc062723c751e8b465ee728b)
Start importing Assets/RPGPP_LT/Models/Props/rpgpp_lt_hanger_clothes_01.fbx using Guid(30c389f0d35cc414d9e841ff82ce1424) Importer(815301076,1909f56bfc062723c751e8b465ee728b)  -> (artifact id: '89b25cf4091bb64f35fcc7618345fcfe') in 0.202805 seconds 
========================================================================
Received Import Request.
  Time since last request: 0.000033 seconds.
  path: Assets/Kevin Iglesias/Villager Animations/Prefabs/Tools/VillagerPickaxe.prefab
  artifactKey: Guid(5d7b706f2c3d0444799b4dfe37bce441) Importer(815301076,1909f56bfc062723c751e8b465ee728b)
Start importing Assets/Kevin Iglesias/Villager Animations/Prefabs/Tools/VillagerPickaxe.prefab using Guid(5d7b706f2c3d0444799b4dfe37bce441) Importer(815301076,1909f56bfc062723c751e8b465ee728b)  -> (artifact id: '735f56d3e3de692761a0b35e845cebe1') in 0.052237 seconds 
========================================================================
Received Import Request.
  Time since last request: 0.000041 seconds.
  path: Assets/Kevin Iglesias/Villager Animations/Models/Tools/VillagerPlow.fbx
  artifactKey: Guid(370782fdfcf1fbe42b2cd21bf23903dd) Importer(815301076,1909f56bfc062723c751e8b465ee728b)
Start importing Assets/Kevin Iglesias/Villager Animations/Models/Tools/VillagerPlow.fbx using Guid(370782fdfcf1fbe42b2cd21bf23903dd) Importer(815301076,1909f56bfc062723c751e8b465ee728b)  -> (artifact id: '6001995778643d34b1dbb7268b25f5c6') in 0.081771 seconds 
========================================================================
Received Import Request.
  Time since last request: 0.000040 seconds.
  path: Assets/RPGPP_LT/Models/Props/rpgpp_lt_hanger_wood_01.fbx
  artifactKey: Guid(dc53ddfef4a2d414f83c0332e80bfbb6) Importer(815301076,1909f56bfc062723c751e8b465ee728b)
Start importing Assets/RPGPP_LT/Models/Props/rpgpp_lt_hanger_wood_01.fbx using Guid(dc53ddfef4a2d414f83c0332e80bfbb6) Importer(815301076,1909f56bfc062723c751e8b465ee728b)  -> (artifact id: '947ba3acc5daba92d697b5ed3e007bd1') in 0.079185 seconds 
========================================================================
Received Import Request.
  Time since last request: 0.000037 seconds.
  path: Assets/Kevin Iglesias/Villager Animations/Models/Characters/VillagerHuman.fbx
  artifactKey: Guid(1ae73c895084f05408cd49ec3da3cd88) Importer(815301076,1909f56bfc062723c751e8b465ee728b)
Start importing Assets/Kevin Iglesias/Villager Animations/Models/Characters/VillagerHuman.fbx using Guid(1ae73c895084f05408cd49ec3da3cd88) Importer(815301076,1909f56bfc062723c751e8b465ee728b)  -> (artifact id: 'a8fe874255f7ddacc82ab717ba224ae3') in 0.091148 seconds 
========================================================================
Received Import Request.
  Time since last request: 0.000046 seconds.
  path: Assets/Kevin Iglesias/Villager Animations/Animations/Villager@Farm-Working01.fbx
  artifactKey: Guid(e2b16d39f64d0bc429ad09c0e9d73f67) Importer(815301076,1909f56bfc062723c751e8b465ee728b)
Start importing Assets/Kevin Iglesias/Villager Animations/Animations/Villager@Farm-Working01.fbx using Guid(e2b16d39f64d0bc429ad09c0e9d73f67) Importer(815301076,1909f56bfc062723c751e8b465ee728b)  -> (artifact id: 'f9b9bf0efa4dc8f170dbb73282b5c6dc') in 0.058893 seconds 
========================================================================
Received Import Request.
  Time since last request: 0.000073 seconds.
  path: Assets/Kevin Iglesias/Villager Animations/Animations/Villager@Gathering01.fbx
  artifactKey: Guid(a6171f33082636344bca20e73cd57fe0) Importer(815301076,1909f56bfc062723c751e8b465ee728b)
Start importing Assets/Kevin Iglesias/Villager Animations/Animations/Villager@Gathering01.fbx using Guid(a6171f33082636344bca20e73cd57fe0) Importer(815301076,1909f56bfc062723c751e8b465ee728b)  -> (artifact id: '6d174777a6dff813d1ac4217297388ad') in 0.056637 seconds 
========================================================================
Received Import Request.
  Time since last request: 0.000034 seconds.
  path: Assets/RPGPP_LT/Prefabs/Props/Furniture/Hangers/rpgpp_lt_hanger_wood_01.prefab
  artifactKey: Guid(813f38ebf5eabe1429b83876fbaa47db) Importer(815301076,1909f56bfc062723c751e8b465ee728b)
Start importing Assets/RPGPP_LT/Prefabs/Props/Furniture/Hangers/rpgpp_lt_hanger_wood_01.prefab using Guid(813f38ebf5eabe1429b83876fbaa47db) Importer(815301076,1909f56bfc062723c751e8b465ee728b)  -> (artifact id: 'fb79d8c5cd751615c2c902cc0665127b') in 0.031211 seconds 
========================================================================
Received Import Request.
  Time since last request: 0.000052 seconds.
  path: Assets/RPGPP_LT/Prefabs/Props/Containers/rpgpp_lt_package_01.prefab
  artifactKey: Guid(388d2ede35ec91345943f17a010818fc) Importer(815301076,1909f56bfc062723c751e8b465ee728b)
Start importing Assets/RPGPP_LT/Prefabs/Props/Containers/rpgpp_lt_package_01.prefab using Guid(388d2ede35ec91345943f17a010818fc) Importer(815301076,1909f56bfc062723c751e8b465ee728b)  -> (artifact id: '5c86912b5d3dd438beced5f80002955a') in 0.052490 seconds 
========================================================================
Received Import Request.
  Time since last request: 0.000022 seconds.
  path: Assets/Kevin Iglesias/Villager Animations/Prefabs/Tools/VillagerFishingRod.prefab
  artifactKey: Guid(422c6cc9382646440b6c952fd1da4bb2) Importer(815301076,1909f56bfc062723c751e8b465ee728b)
Start importing Assets/Kevin Iglesias/Villager Animations/Prefabs/Tools/VillagerFishingRod.prefab using Guid(422c6cc9382646440b6c952fd1da4bb2) Importer(815301076,1909f56bfc062723c751e8b465ee728b)  -> (artifact id: 'e92ee3499f626312a4e7bf71828fd2d4') in 0.041394 seconds 
========================================================================
Received Import Request.
  Time since last request: 0.000028 seconds.
  path: Assets/Kevin Iglesias/Villager Animations/Animations/Villager@Fishing02.fbx
  artifactKey: Guid(06d66dd4f23be4f449bb0b54d43b0fcd) Importer(815301076,1909f56bfc062723c751e8b465ee728b)
Start importing Assets/Kevin Iglesias/Villager Animations/Animations/Villager@Fishing02.fbx using Guid(06d66dd4f23be4f449bb0b54d43b0fcd) Importer(815301076,1909f56bfc062723c751e8b465ee728b)  -> (artifact id: '1f785718fdd78cf9160aebea94100d18') in 0.049661 seconds 
========================================================================
Received Import Request.
  Time since last request: 1.241521 seconds.
  path: Assets/3.1_Generic.cs
  artifactKey: Guid(95b265ec8c607eb45aa5fd061a138888) Importer(815301076,1909f56bfc062723c751e8b465ee728b)
Start importing Assets/3.1_Generic.cs using Guid(95b265ec8c607eb45aa5fd061a138888) Importer(815301076,1909f56bfc062723c751e8b465ee728b)  -> (artifact id: 'a0e72d6bc69d728d78b510f1dd5d163a') in 0.036105 seconds 
========================================================================
Received Prepare
Registering precompiled user dll's ...
Registered in 0.000993 seconds.
Begin MonoManager ReloadAssembly
Native extension for WindowsStandalone target not found
Refreshing native plugins compatible for Editor in 1.11 ms, found 0 plugins.
Preloading 0 native plugins for Editor in 0.00 ms.
Mono: successfully reloaded assembly
- Completed reload, in  1.974 seconds
Domain Reload Profiling:
	ReloadAssembly (1976ms)
		BeginReloadAssembly (396ms)
			ExecutionOrderSort (0ms)
			DisableScriptedObjects (19ms)
			BackupInstance (0ms)
			ReleaseScriptingObjects (0ms)
			CreateAndSetChildDomain (94ms)
		EndReloadAssembly (1303ms)
			LoadAssemblies (231ms)
			RebuildTransferFunctionScriptingTraits (0ms)
			SetupTypeCache (370ms)
			ReleaseScriptCaches (1ms)
			RebuildScriptCaches (87ms)
			SetupLoadedEditorAssemblies (552ms)
				LogAssemblyErrors (0ms)
				InitializePlatformSupportModulesInManaged (40ms)
				SetLoadedEditorAssemblies (2ms)
				RefreshPlugins (1ms)
				BeforeProcessingInitializeOnLoad (115ms)
				ProcessInitializeOnLoadAttributes (315ms)
				ProcessInitializeOnLoadMethodAttributes (55ms)
				AfterProcessingInitializeOnLoad (23ms)
				EditorAssembliesLoaded (1ms)
			ExecutionOrderSort2 (0ms)
			AwakeInstancesAfterBackupRestoration (18ms)
Platform modules already initialized, skipping
Refreshing native plugins compatible for Editor in 0.72 ms, found 0 plugins.
Preloading 0 native plugins for Editor in 0.00 ms.
Unloading 1033 Unused Serialized files (Serialized files now loaded: 0)
Unloading 2 unused Assets / (24.6 KB). Loaded Objects now: 1564.
Memory consumption went from 72.1 MB to 72.1 MB.
Total: 4.732600 ms (FindLiveObjects: 0.163500 ms CreateObjectMapping: 0.035200 ms MarkObjects: 4.502400 ms  DeleteObjects: 0.029900 ms)

AssetImportParameters requested are different than current active one (requested -> active):
  custom:video-decoder-ogg-theora: a1e56fd34408186e4bbccfd4996cb3dc -> 
  custom:container-muxer-webm: aa71ff27fc2769a1b78a27578f13a17b -> 
  custom:container-demuxer-webm: 4f35f7cbe854078d1ac9338744f61a02 -> 
  custom:video-encoder-webm-vp8: eb34c28f22e8b96e1ab97ce403110664 -> 
  custom:audio-encoder-webm-vorbis: bf7c407c2cedff20999df2af8eb42d56 -> 
  custom:framework-win-MediaFoundation: 216162199b28c13a410421893ffa2e32 -> 
  custom:container-demuxer-ogg: 62fdf1f143b41e24485cea50d1cbac27 -> 
  custom:video-decoder-webm-vp8: 9c59270c3fd7afecdb556c50c9e8de78 -> 
  custom:audio-decoder-ogg-vorbis: bf7c407c2cedff20999df2af8eb42d56 -> 
