Using pre-set license
Built from '2021.3/staging' branch; Version is '2021.3.2f1 (d6360bedb9a0) revision 14038539'; Using compiler version '192829333'; Build Type 'Release'
OS: 'Windows 10  (10.0.19045) 64bit Professional' Language: 'ru' Physical Memory: 6091 MB
BatchMode: 1, IsHumanControllingUs: 0, StartBugReporterOnCrash: 0, Is64bit: 1, IsPro: 1

COMMAND LINE ARGUMENTS:
C:\Program Files\Unity\Hub\Editor\2021.3.2f1\Editor\Unity.exe
-adb2
-batchMode
-noUpm
-name
AssetImportWorker1
-projectPath
C:/Users/homni/test_xlab
-logFile
Logs/AssetImportWorker1.log
-srvPort
49358
Successfully changed project path to: C:/Users/homni/test_xlab
C:/Users/homni/test_xlab
[UnityMemory] Configuration Parameters - Can be set up in boot.config
    "memorysetup-bucket-allocator-granularity=16"
    "memorysetup-bucket-allocator-bucket-count=8"
    "memorysetup-bucket-allocator-block-size=33554432"
    "memorysetup-bucket-allocator-block-count=8"
    "memorysetup-main-allocator-block-size=16777216"
    "memorysetup-thread-allocator-block-size=16777216"
    "memorysetup-gfx-main-allocator-block-size=16777216"
    "memorysetup-gfx-thread-allocator-block-size=16777216"
    "memorysetup-cache-allocator-block-size=4194304"
    "memorysetup-typetree-allocator-block-size=2097152"
    "memorysetup-profiler-bucket-allocator-granularity=16"
    "memorysetup-profiler-bucket-allocator-bucket-count=8"
    "memorysetup-profiler-bucket-allocator-block-size=33554432"
    "memorysetup-profiler-bucket-allocator-block-count=8"
    "memorysetup-profiler-allocator-block-size=16777216"
    "memorysetup-profiler-editor-allocator-block-size=1048576"
    "memorysetup-temp-allocator-size-main=16777216"
    "memorysetup-job-temp-allocator-block-size=2097152"
    "memorysetup-job-temp-allocator-block-size-background=1048576"
    "memorysetup-job-temp-allocator-reduction-small-platforms=262144"
    "memorysetup-temp-allocator-size-background-worker=32768"
    "memorysetup-temp-allocator-size-job-worker=262144"
    "memorysetup-temp-allocator-size-preload-manager=33554432"
    "memorysetup-temp-allocator-size-nav-mesh-worker=65536"
    "memorysetup-temp-allocator-size-audio-worker=65536"
    "memorysetup-temp-allocator-size-cloud-worker=32768"
    "memorysetup-temp-allocator-size-gi-baking-worker=262144"
    "memorysetup-temp-allocator-size-gfx=262144"
Refreshing native plugins compatible for Editor in 156.12 ms, found 0 plugins.
Preloading 0 native plugins for Editor in 0.00 ms.
Initialize engine version: 2021.3.2f1 (d6360bedb9a0)
[Subsystems] Discovering subsystems at path C:/Program Files/Unity/Hub/Editor/2021.3.2f1/Editor/Data/Resources/UnitySubsystems
[Subsystems] Discovering subsystems at path C:/Users/homni/test_xlab/Assets
GfxDevice: creating device client; threaded=0; jobified=0
Direct3D:
    Version:  Direct3D 11.0 [level 11.1]
    Renderer: AMD Radeon(TM) Vega 8 Graphics (ID=0x15d8)
    Vendor:   ATI
    VRAM:     3045 MB
    Driver:   31.0.14057.5006
Initialize mono
Mono path[0] = 'C:/Program Files/Unity/Hub/Editor/2021.3.2f1/Editor/Data/Managed'
Mono path[1] = 'C:/Program Files/Unity/Hub/Editor/2021.3.2f1/Editor/Data/MonoBleedingEdge/lib/mono/unityjit-win32'
Mono config path = 'C:/Program Files/Unity/Hub/Editor/2021.3.2f1/Editor/Data/MonoBleedingEdge/etc'
Using monoOptions --debugger-agent=transport=dt_socket,embedding=1,server=y,suspend=n,address=127.0.0.1:56296
Begin MonoManager ReloadAssembly
Registering precompiled unity dll's ...
Register platform support module: C:/Program Files/Unity/Hub/Editor/2021.3.2f1/Editor/Data/PlaybackEngines/WindowsStandaloneSupport/UnityEditor.WindowsStandalone.Extensions.dll
Registered in 0.012472 seconds.
Native extension for WindowsStandalone target not found
Refreshing native plugins compatible for Editor in 60.36 ms, found 0 plugins.
Preloading 0 native plugins for Editor in 0.00 ms.
Mono: successfully reloaded assembly
- Completed reload, in  1.408 seconds
Domain Reload Profiling:
	ReloadAssembly (1410ms)
		BeginReloadAssembly (132ms)
			ExecutionOrderSort (0ms)
			DisableScriptedObjects (0ms)
			BackupInstance (0ms)
			ReleaseScriptingObjects (0ms)
			CreateAndSetChildDomain (2ms)
		EndReloadAssembly (1083ms)
			LoadAssemblies (127ms)
			RebuildTransferFunctionScriptingTraits (0ms)
			SetupTypeCache (175ms)
			ReleaseScriptCaches (0ms)
			RebuildScriptCaches (84ms)
			SetupLoadedEditorAssemblies (712ms)
				LogAssemblyErrors (0ms)
				InitializePlatformSupportModulesInManaged (26ms)
				SetLoadedEditorAssemblies (0ms)
				RefreshPlugins (61ms)
				BeforeProcessingInitializeOnLoad (3ms)
				ProcessInitializeOnLoadAttributes (409ms)
				ProcessInitializeOnLoadMethodAttributes (212ms)
				AfterProcessingInitializeOnLoad (0ms)
				EditorAssembliesLoaded (0ms)
			ExecutionOrderSort2 (0ms)
			AwakeInstancesAfterBackupRestoration (0ms)
Platform modules already initialized, skipping
Registering precompiled user dll's ...
Registered in 0.000937 seconds.
Begin MonoManager ReloadAssembly
Native extension for WindowsStandalone target not found
Refreshing native plugins compatible for Editor in 0.53 ms, found 0 plugins.
Preloading 0 native plugins for Editor in 0.00 ms.
Mono: successfully reloaded assembly
- Completed reload, in  2.155 seconds
Domain Reload Profiling:
	ReloadAssembly (2158ms)
		BeginReloadAssembly (313ms)
			ExecutionOrderSort (0ms)
			DisableScriptedObjects (14ms)
			BackupInstance (0ms)
			ReleaseScriptingObjects (0ms)
			CreateAndSetChildDomain (53ms)
		EndReloadAssembly (1504ms)
			LoadAssemblies (182ms)
			RebuildTransferFunctionScriptingTraits (0ms)
			SetupTypeCache (563ms)
			ReleaseScriptCaches (1ms)
			RebuildScriptCaches (120ms)
			SetupLoadedEditorAssemblies (522ms)
				LogAssemblyErrors (0ms)
				InitializePlatformSupportModulesInManaged (16ms)
				SetLoadedEditorAssemblies (1ms)
				RefreshPlugins (1ms)
				BeforeProcessingInitializeOnLoad (115ms)
				ProcessInitializeOnLoadAttributes (306ms)
				ProcessInitializeOnLoadMethodAttributes (59ms)
				AfterProcessingInitializeOnLoad (23ms)
				EditorAssembliesLoaded (1ms)
			ExecutionOrderSort2 (0ms)
			AwakeInstancesAfterBackupRestoration (20ms)
Platform modules already initialized, skipping
========================================================================
Worker process is ready to serve import requests
Launched and connected shader compiler UnityShaderCompiler.exe after 0.12 seconds
Refreshing native plugins compatible for Editor in 0.78 ms, found 0 plugins.
Preloading 0 native plugins for Editor in 0.00 ms.
Unloading 1041 Unused Serialized files (Serialized files now loaded: 0)
Unloading 9 unused Assets / (55.9 KB). Loaded Objects now: 1517.
Memory consumption went from 55.3 MB to 55.2 MB.
Total: 4.547000 ms (FindLiveObjects: 0.194500 ms CreateObjectMapping: 0.045700 ms MarkObjects: 4.176900 ms  DeleteObjects: 0.127600 ms)

AssetImportParameters requested are different than current active one (requested -> active):
  custom:video-decoder-ogg-theora: a1e56fd34408186e4bbccfd4996cb3dc -> 
  custom:container-muxer-webm: aa71ff27fc2769a1b78a27578f13a17b -> 
  custom:container-demuxer-webm: 4f35f7cbe854078d1ac9338744f61a02 -> 
  custom:video-encoder-webm-vp8: eb34c28f22e8b96e1ab97ce403110664 -> 
  custom:audio-encoder-webm-vorbis: bf7c407c2cedff20999df2af8eb42d56 -> 
  custom:framework-win-MediaFoundation: 216162199b28c13a410421893ffa2e32 -> 
  custom:container-demuxer-ogg: 62fdf1f143b41e24485cea50d1cbac27 -> 
  custom:video-decoder-webm-vp8: 9c59270c3fd7afecdb556c50c9e8de78 -> 
  custom:audio-decoder-ogg-vorbis: bf7c407c2cedff20999df2af8eb42d56 -> 
========================================================================
Received Import Request.
  Time since last request: 699480.940677 seconds.
  path: Assets/Kevin Iglesias/Villager Animations/Prefabs/Human Villager/VillagerBuilder.prefab
  artifactKey: Guid(8636a621b3ea3fb4a902553949b6adab) Importer(815301076,1909f56bfc062723c751e8b465ee728b)
Start importing Assets/Kevin Iglesias/Villager Animations/Prefabs/Human Villager/VillagerBuilder.prefab using Guid(8636a621b3ea3fb4a902553949b6adab) Importer(815301076,1909f56bfc062723c751e8b465ee728b)  -> (artifact id: '89d26c9006f047c9052e4213e4bd5e51') in 0.517499 seconds 
========================================================================
Received Import Request.
  Time since last request: 0.000044 seconds.
  path: Assets/Kevin Iglesias/Villager Animations/Prefabs/Human Villager/VillagerFisherman.prefab
  artifactKey: Guid(c86589473eb08e040b9078d832a2d4b3) Importer(815301076,1909f56bfc062723c751e8b465ee728b)
Start importing Assets/Kevin Iglesias/Villager Animations/Prefabs/Human Villager/VillagerFisherman.prefab using Guid(c86589473eb08e040b9078d832a2d4b3) Importer(815301076,1909f56bfc062723c751e8b465ee728b)  -> (artifact id: '48baa84b4af98b5f199b0b6a3f1b5349') in 0.049288 seconds 
========================================================================
Received Import Request.
  Time since last request: 0.000075 seconds.
  path: Assets/Kevin Iglesias/Villager Animations/Prefabs/Human Villager/VillagerFarmer.prefab
  artifactKey: Guid(0577306f947ebac4486c16bda41798b1) Importer(815301076,1909f56bfc062723c751e8b465ee728b)
Start importing Assets/Kevin Iglesias/Villager Animations/Prefabs/Human Villager/VillagerFarmer.prefab using Guid(0577306f947ebac4486c16bda41798b1) Importer(815301076,1909f56bfc062723c751e8b465ee728b)  -> (artifact id: '470ea2a98831e87f22d275265224176a') in 0.051499 seconds 
========================================================================
Received Import Request.
  Time since last request: 364.536198 seconds.
  path: Assets/AlignedGames/Polygonal Foliage Asset Package/Art/Materials/atlass_1_2.mat
  artifactKey: Guid(8e6f7b24df38b1c4db797b100135d36e) Importer(815301076,1909f56bfc062723c751e8b465ee728b)
Start importing Assets/AlignedGames/Polygonal Foliage Asset Package/Art/Materials/atlass_1_2.mat using Guid(8e6f7b24df38b1c4db797b100135d36e) Importer(815301076,1909f56bfc062723c751e8b465ee728b)  -> (artifact id: '7efc6b941222719af951d5613c944061') in 0.378784 seconds 
========================================================================
Received Import Request.
  Time since last request: 0.000048 seconds.
  path: Assets/Kevin Iglesias/Villager Animations/Materials/VillagerMaterial.mat
  artifactKey: Guid(8f772b3b80bbe084eb02b378f58b4551) Importer(815301076,1909f56bfc062723c751e8b465ee728b)
Start importing Assets/Kevin Iglesias/Villager Animations/Materials/VillagerMaterial.mat using Guid(8f772b3b80bbe084eb02b378f58b4551) Importer(815301076,1909f56bfc062723c751e8b465ee728b)  -> (artifact id: 'd7d691311124ec978216588782a10c50') in 0.077650 seconds 
========================================================================
Received Import Request.
  Time since last request: 0.000046 seconds.
  path: Assets/RPGPP_LT/Materials/rpgpp_lt_sky_a.mat
  artifactKey: Guid(ff33af19770dd3e489f9c65e388009fe) Importer(815301076,1909f56bfc062723c751e8b465ee728b)
Start importing Assets/RPGPP_LT/Materials/rpgpp_lt_sky_a.mat using Guid(ff33af19770dd3e489f9c65e388009fe) Importer(815301076,1909f56bfc062723c751e8b465ee728b)  -> (artifact id: '1f701966ea53ac7a2223ff77e4c0fbc2') in 0.058168 seconds 
========================================================================
Received Import Request.
  Time since last request: 0.000025 seconds.
  path: Assets/RPGPP_LT/Materials/rpgpp_lt_mat_a.mat
  artifactKey: Guid(58d53420af384224ea4cfee8973d18cb) Importer(815301076,1909f56bfc062723c751e8b465ee728b)
Start importing Assets/RPGPP_LT/Materials/rpgpp_lt_mat_a.mat using Guid(58d53420af384224ea4cfee8973d18cb) Importer(815301076,1909f56bfc062723c751e8b465ee728b)  -> (artifact id: '3cbc9f214c1395265a1695411a3a4383') in 0.313080 seconds 
========================================================================
Received Import Request.
  Time since last request: 0.000030 seconds.
  path: Assets/RPGPP_LT/Materials/rpgpp_lt_cloud_a.mat
  artifactKey: Guid(434bfd6528d84e643ade0d2cd5c6fe1b) Importer(815301076,1909f56bfc062723c751e8b465ee728b)
Start importing Assets/RPGPP_LT/Materials/rpgpp_lt_cloud_a.mat using Guid(434bfd6528d84e643ade0d2cd5c6fe1b) Importer(815301076,1909f56bfc062723c751e8b465ee728b)  -> (artifact id: '4db5982fb32bf958c333b2641ae57ec6') in 0.177969 seconds 
========================================================================
Received Import Request.
  Time since last request: 11.091793 seconds.
  path: Assets/RPGPP_LT/Prefabs/Props/Furniture/Hangers/rpgpp_lt_hanger_clothes_01.prefab
  artifactKey: Guid(9e6377f4cae22eb4194f71c6e76c37b9) Importer(815301076,1909f56bfc062723c751e8b465ee728b)
Start importing Assets/RPGPP_LT/Prefabs/Props/Furniture/Hangers/rpgpp_lt_hanger_clothes_01.prefab using Guid(9e6377f4cae22eb4194f71c6e76c37b9) Importer(815301076,1909f56bfc062723c751e8b465ee728b)  -> (artifact id: '7e91cee508f96fe2fe763ecc562f1e00') in 0.045227 seconds 
========================================================================
Received Import Request.
  Time since last request: 0.000032 seconds.
  path: Assets/Kevin Iglesias/Villager Animations/Animations/Villager@Idle01.fbx
  artifactKey: Guid(47eed3c9adae4d94496daac8b628526e) Importer(815301076,1909f56bfc062723c751e8b465ee728b)
Start importing Assets/Kevin Iglesias/Villager Animations/Animations/Villager@Idle01.fbx using Guid(47eed3c9adae4d94496daac8b628526e) Importer(815301076,1909f56bfc062723c751e8b465ee728b)  -> (artifact id: '98d2ee7d5133e1bb1581e0456c196e35') in 0.089493 seconds 
========================================================================
Received Import Request.
  Time since last request: 0.000043 seconds.
  path: Assets/Kevin Iglesias/Villager Animations/Models/Tools/VillagerHammer.fbx
  artifactKey: Guid(ee8809e804fcc814ba55fe33f373281a) Importer(815301076,1909f56bfc062723c751e8b465ee728b)
Start importing Assets/Kevin Iglesias/Villager Animations/Models/Tools/VillagerHammer.fbx using Guid(ee8809e804fcc814ba55fe33f373281a) Importer(815301076,1909f56bfc062723c751e8b465ee728b)  -> (artifact id: 'a9507b31c08ec5dd16035b508b856a03') in 0.100718 seconds 
========================================================================
Received Import Request.
  Time since last request: 0.000060 seconds.
  path: Assets/Kevin Iglesias/Villager Animations/Animations/Villager@Hammer-Working01.fbx
  artifactKey: Guid(e2694e09078647640bc4a77f486a32fd) Importer(815301076,1909f56bfc062723c751e8b465ee728b)
Start importing Assets/Kevin Iglesias/Villager Animations/Animations/Villager@Hammer-Working01.fbx using Guid(e2694e09078647640bc4a77f486a32fd) Importer(815301076,1909f56bfc062723c751e8b465ee728b)  -> (artifact id: '2a912e1ad4d37f3504e5b1ceb8963b6e') in 0.046749 seconds 
========================================================================
Received Import Request.
  Time since last request: 0.000027 seconds.
  path: Assets/Kevin Iglesias/Villager Animations/Models/Tools/VillagerPickaxe.fbx
  artifactKey: Guid(a84dc411a82bf8b43b867806726efddc) Importer(815301076,1909f56bfc062723c751e8b465ee728b)
Start importing Assets/Kevin Iglesias/Villager Animations/Models/Tools/VillagerPickaxe.fbx using Guid(a84dc411a82bf8b43b867806726efddc) Importer(815301076,1909f56bfc062723c751e8b465ee728b)  -> (artifact id: '4d8fbc6e64cbc5befe33ba5c4a1899e2') in 0.039204 seconds 
========================================================================
Received Import Request.
  Time since last request: 0.000030 seconds.
  path: Assets/Kevin Iglesias/Villager Animations/Models/Tools/VillagerFishingPole.fbx
  artifactKey: Guid(017808b5a05937c4d87dfb2f5b02bc2b) Importer(815301076,1909f56bfc062723c751e8b465ee728b)
Start importing Assets/Kevin Iglesias/Villager Animations/Models/Tools/VillagerFishingPole.fbx using Guid(017808b5a05937c4d87dfb2f5b02bc2b) Importer(815301076,1909f56bfc062723c751e8b465ee728b)  -> (artifact id: 'b519db8c3da82c10b77b9df870e7cea2') in 0.081215 seconds 
========================================================================
Received Import Request.
  Time since last request: 0.000030 seconds.
  path: Assets/Kevin Iglesias/Villager Animations/Prefabs/Tools/VillagerHammer.prefab
  artifactKey: Guid(72e2af9c085498e4c8a60b22407b389b) Importer(815301076,1909f56bfc062723c751e8b465ee728b)
Start importing Assets/Kevin Iglesias/Villager Animations/Prefabs/Tools/VillagerHammer.prefab using Guid(72e2af9c085498e4c8a60b22407b389b) Importer(815301076,1909f56bfc062723c751e8b465ee728b)  -> (artifact id: '5bea0a995748262292284046b7b4639c') in 0.039203 seconds 
========================================================================
Received Import Request.
  Time since last request: 0.000040 seconds.
  path: Assets/Kevin Iglesias/Villager Animations/Prefabs/Tools/VillagerPlow.prefab
  artifactKey: Guid(58cd754c3dde1f944a2d86bd93a982bb) Importer(815301076,1909f56bfc062723c751e8b465ee728b)
Start importing Assets/Kevin Iglesias/Villager Animations/Prefabs/Tools/VillagerPlow.prefab using Guid(58cd754c3dde1f944a2d86bd93a982bb) Importer(815301076,1909f56bfc062723c751e8b465ee728b)  -> (artifact id: '289a414b52bd6f5356cf090d1ffa92b6') in 0.033342 seconds 
========================================================================
Received Import Request.
  Time since last request: 0.000083 seconds.
  path: Assets/Kevin Iglesias/Villager Animations/Animations/Villager@Fishing01.fbx
  artifactKey: Guid(61e4656a2566d6f4095fbd06d7aa08cd) Importer(815301076,1909f56bfc062723c751e8b465ee728b)
Start importing Assets/Kevin Iglesias/Villager Animations/Animations/Villager@Fishing01.fbx using Guid(61e4656a2566d6f4095fbd06d7aa08cd) Importer(815301076,1909f56bfc062723c751e8b465ee728b)  -> (artifact id: 'ede1926e0d102b87d5f29e441bf2aea9') in 0.055252 seconds 
========================================================================
Received Import Request.
  Time since last request: 0.000032 seconds.
  path: Assets/Kevin Iglesias/Villager Animations/Textures/VillagerTexture.png
  artifactKey: Guid(bc7f0febe079a5f47a9c5f8e7f5f4204) Importer(815301076,1909f56bfc062723c751e8b465ee728b)
Start importing Assets/Kevin Iglesias/Villager Animations/Textures/VillagerTexture.png using Guid(bc7f0febe079a5f47a9c5f8e7f5f4204) Importer(815301076,1909f56bfc062723c751e8b465ee728b)  -> (artifact id: 'a60c826da8631e4543aa1bc66387db78') in 0.082915 seconds 
========================================================================
Received Import Request.
  Time since last request: 0.000058 seconds.
  path: Assets/RPGPP_LT/Models/Props/rpgpp_lt_package_01.fbx
  artifactKey: Guid(4a9eb490516647a4d8765165bfb9cf47) Importer(815301076,1909f56bfc062723c751e8b465ee728b)
Start importing Assets/RPGPP_LT/Models/Props/rpgpp_lt_package_01.fbx using Guid(4a9eb490516647a4d8765165bfb9cf47) Importer(815301076,1909f56bfc062723c751e8b465ee728b)  -> (artifact id: 'cdbb0225a9b1458baf3eb29d68aa3268') in 0.076674 seconds 
========================================================================
Received Import Request.
  Time since last request: 0.000029 seconds.
  path: Assets/Kevin Iglesias/Villager Animations/Animations/Villager@Pickaxe-Mining01.fbx
  artifactKey: Guid(b1c4a57ece73d404f9aebbd969b9be3a) Importer(815301076,1909f56bfc062723c751e8b465ee728b)
Start importing Assets/Kevin Iglesias/Villager Animations/Animations/Villager@Pickaxe-Mining01.fbx using Guid(b1c4a57ece73d404f9aebbd969b9be3a) Importer(815301076,1909f56bfc062723c751e8b465ee728b)  -> (artifact id: '8eb6ff7af99a8207a565ac351d691dbf') in 0.049578 seconds 
========================================================================
Received Prepare
Registering precompiled user dll's ...
Registered in 0.000826 seconds.
Begin MonoManager ReloadAssembly
Native extension for WindowsStandalone target not found
Refreshing native plugins compatible for Editor in 0.99 ms, found 0 plugins.
Preloading 0 native plugins for Editor in 0.00 ms.
Mono: successfully reloaded assembly
- Completed reload, in  2.048 seconds
Domain Reload Profiling:
	ReloadAssembly (2053ms)
		BeginReloadAssembly (441ms)
			ExecutionOrderSort (0ms)
			DisableScriptedObjects (20ms)
			BackupInstance (0ms)
			ReleaseScriptingObjects (0ms)
			CreateAndSetChildDomain (121ms)
		EndReloadAssembly (1333ms)
			LoadAssemblies (236ms)
			RebuildTransferFunctionScriptingTraits (0ms)
			SetupTypeCache (384ms)
			ReleaseScriptCaches (2ms)
			RebuildScriptCaches (94ms)
			SetupLoadedEditorAssemblies (556ms)
				LogAssemblyErrors (0ms)
				InitializePlatformSupportModulesInManaged (39ms)
				SetLoadedEditorAssemblies (3ms)
				RefreshPlugins (1ms)
				BeforeProcessingInitializeOnLoad (114ms)
				ProcessInitializeOnLoadAttributes (320ms)
				ProcessInitializeOnLoadMethodAttributes (57ms)
				AfterProcessingInitializeOnLoad (20ms)
				EditorAssembliesLoaded (0ms)
			ExecutionOrderSort2 (0ms)
			AwakeInstancesAfterBackupRestoration (18ms)
Platform modules already initialized, skipping
Refreshing native plugins compatible for Editor in 0.63 ms, found 0 plugins.
Preloading 0 native plugins for Editor in 0.00 ms.
Unloading 1033 Unused Serialized files (Serialized files now loaded: 0)
Unloading 2 unused Assets / (24.5 KB). Loaded Objects now: 1566.
Memory consumption went from 72.2 MB to 72.2 MB.
Total: 4.488800 ms (FindLiveObjects: 0.212400 ms CreateObjectMapping: 0.050600 ms MarkObjects: 4.191200 ms  DeleteObjects: 0.032700 ms)

AssetImportParameters requested are different than current active one (requested -> active):
  custom:video-decoder-ogg-theora: a1e56fd34408186e4bbccfd4996cb3dc -> 
  custom:container-muxer-webm: aa71ff27fc2769a1b78a27578f13a17b -> 
  custom:container-demuxer-webm: 4f35f7cbe854078d1ac9338744f61a02 -> 
  custom:video-encoder-webm-vp8: eb34c28f22e8b96e1ab97ce403110664 -> 
  custom:audio-encoder-webm-vorbis: bf7c407c2cedff20999df2af8eb42d56 -> 
  custom:framework-win-MediaFoundation: 216162199b28c13a410421893ffa2e32 -> 
  custom:container-demuxer-ogg: 62fdf1f143b41e24485cea50d1cbac27 -> 
  custom:video-decoder-webm-vp8: 9c59270c3fd7afecdb556c50c9e8de78 -> 
  custom:audio-decoder-ogg-vorbis: bf7c407c2cedff20999df2af8eb42d56 -> 
